<?xml version="1.0" encoding="UTF-8"?>
<testsuite xmlns:xsi="http://www.w3.org/2001/XMLSchema-instance" xsi:noNamespaceSchemaLocation="https://maven.apache.org/surefire/maven-surefire-plugin/xsd/surefire-test-report.xsd" name="com.zlg.gmall.AppTest" time="0.055" tests="1" errors="0" skipped="0" failures="0">
  <properties>
    <property name="sun.desktop" value="windows"/>
    <property name="awt.toolkit" value="sun.awt.windows.WToolkit"/>
    <property name="file.encoding.pkg" value="sun.io"/>
    <property name="java.specification.version" value="1.8"/>
    <property name="sun.cpu.isalist" value="amd64"/>
    <property name="sun.jnu.encoding" value="GBK"/>
    <property name="java.class.path" value="C:\Users\33036\IdeaProjects\gmall-interface\gmall-interface\target\test-classes;C:\Users\33036\IdeaProjects\gmall-interface\gmall-interface\target\classes;D:\Maven\mavenrep\junit\junit\4.11\junit-4.11.jar;D:\Maven\mavenrep\org\hamcrest\hamcrest-core\1.3\hamcrest-core-1.3.jar;"/>
    <property name="java.vm.vendor" value="Oracle Corporation"/>
    <property name="sun.arch.data.model" value="64"/>
    <property name="user.variant" value=""/>
    <property name="java.vendor.url" value="http://java.oracle.com/"/>
    <property name="user.timezone" value="Asia/Shanghai"/>
    <property name="java.vm.specification.version" value="1.8"/>
    <property name="os.name" value="Windows 10"/>
    <property name="user.country" value="CN"/>
    <property name="sun.java.launcher" value="SUN_STANDARD"/>
    <property name="sun.boot.library.path" value="E:\Java\jdk1.8.0_191\jre\bin"/>
    <property name="sun.java.command" value="C:\Users\33036\AppData\Local\Temp\surefire7449867670638908934\surefirebooter8357462864531792239.jar C:\Users\33036\AppData\Local\Temp\surefire7449867670638908934 2020-09-23T18-43-02_039-jvmRun1 surefire8499536344707739265tmp surefire_05707609977120287019tmp"/>
    <property name="surefire.test.class.path" value="C:\Users\33036\IdeaProjects\gmall-interface\gmall-interface\target\test-classes;C:\Users\33036\IdeaProjects\gmall-interface\gmall-interface\target\classes;D:\Maven\mavenrep\junit\junit\4.11\junit-4.11.jar;D:\Maven\mavenrep\org\hamcrest\hamcrest-core\1.3\hamcrest-core-1.3.jar;"/>
    <property name="sun.cpu.endian" value="little"/>
    <property name="user.home" value="C:\Users\33036"/>
    <property name="user.language" value="zh"/>
    <property name="java.specification.vendor" value="Oracle Corporation"/>
    <property name="java.home" value="E:\Java\jdk1.8.0_191\jre"/>
    <property name="basedir" value="C:\Users\33036\IdeaProjects\gmall-interface\gmall-interface"/>
    <property name="file.separator" value="\"/>
    <property name="line.separator" value="&#10;"/>
    <property name="java.vm.specification.vendor" value="Oracle Corporation"/>
    <property name="java.specification.name" value="Java Platform API Specification"/>
    <property name="java.awt.graphicsenv" value="sun.awt.Win32GraphicsEnvironment"/>
    <property name="surefire.real.class.path" value="C:\Users\33036\AppData\Local\Temp\surefire7449867670638908934\surefirebooter8357462864531792239.jar"/>
    <property name="sun.boot.class.path" value="E:\Java\jdk1.8.0_191\jre\lib\resources.jar;E:\Java\jdk1.8.0_191\jre\lib\rt.jar;E:\Java\jdk1.8.0_191\jre\lib\sunrsasign.jar;E:\Java\jdk1.8.0_191\jre\lib\jsse.jar;E:\Java\jdk1.8.0_191\jre\lib\jce.jar;E:\Java\jdk1.8.0_191\jre\lib\charsets.jar;E:\Java\jdk1.8.0_191\jre\lib\jfr.jar;E:\Java\jdk1.8.0_191\jre\classes"/>
    <property name="user.script" value=""/>
    <property name="sun.management.compiler" value="HotSpot 64-Bit Tiered Compilers"/>
    <property name="java.runtime.version" value="1.8.0_191-b12"/>
    <property name="user.name" value="33036"/>
    <property name="path.separator" value=";"/>
    <property name="os.version" value="10.0"/>
    <property name="java.endorsed.dirs" value="E:\Java\jdk1.8.0_191\jre\lib\endorsed"/>
    <property name="java.runtime.name" value="Java(TM) SE Runtime Environment"/>
    <property name="file.encoding" value="GBK"/>
    <property name="java.vm.name" value="Java HotSpot(TM) 64-Bit Server VM"/>
    <property name="idea.version2020.1" value="true"/>
    <property name="localRepository" value="D:\Maven\mavenrep"/>
    <property name="java.vendor.url.bug" value="http://bugreport.sun.com/bugreport/"/>
    <property name="java.io.tmpdir" value="C:\Users\33036\AppData\Local\Temp\"/>
    <property name="java.version" value="1.8.0_191"/>
    <property name="user.dir" value="C:\Users\33036\IdeaProjects\gmall-interface\gmall-interface"/>
    <property name="os.arch" value="amd64"/>
    <property name="java.vm.specification.name" value="Java Virtual Machine Specification"/>
    <property name="java.awt.printerjob" value="sun.awt.windows.WPrinterJob"/>
    <property name="sun.os.patch.level" value=""/>
    <property name="java.library.path" value="E:\Java\jdk1.8.0_191\jre\bin;C:\Windows\Sun\Java\bin;C:\Windows\system32;C:\Windows;C:\Program Files (x86)\Common Files\Oracle\Java\javapath;E:\app\33036\product\11.2.0\dbhome_1\bin;C:\Program Files (x86)\Intel\Intel(R) Management Engine Components\iCLS\;C:\Program Files\Intel\Intel(R) Management Engine Components\iCLS\;C:\Windows\system32;C:\Windows;C:\Windows\System32\Wbem;C:\Windows\System32\WindowsPowerShell\v1.0\;C:\Program Files (x86)\Intel\Intel(R) Management Engine Components\DAL;C:\Program Files\Intel\Intel(R) Management Engine Components\DAL;C:\Program Files (x86)\Intel\Intel(R) Management Engine Components\IPT;C:\Program Files\Intel\Intel(R) Management Engine Components\IPT;C:\Windows\System32\OpenSSH\;D:\apache-tomcat-8.5.40\lib;D:\apache-tomcat-8.5.40\bin;E:\java\jdk1.8.0_191\bin;E:\java\jdk1.8.0_191\jre\bin;E:\Microsoft SQL Server\Microsoft SQL Server\110\DTS\Binn\;E:\Microsoft SQL Server\Microsoft SQL Server(x86)\110\Tools\Binn\;E:\Microsoft SQL Server\Microsoft SQL Server\110\Tools\Binn\;E:\Microsoft SQL Server\Microsoft SQL Server(x86)\110\Tools\Binn\ManagementStudio\;C:\Program Files (x86)\Microsoft Visual Studio 10.0\Common7\IDE\PrivateAssemblies\;E:\Microsoft SQL Server\Microsoft SQL Server(x86)\110\DTS\Binn\;D:\Maven\apache-maven-3.6.1\bin;C:\Users\33036\AppData\Local\Microsoft\WindowsApps;E:\Bandizip\;."/>
    <property name="java.vm.info" value="mixed mode"/>
    <property name="java.vendor" value="Oracle Corporation"/>
    <property name="java.vm.version" value="25.191-b12"/>
    <property name="java.ext.dirs" value="E:\Java\jdk1.8.0_191\jre\lib\ext;C:\Windows\Sun\Java\lib\ext"/>
    <property name="sun.io.unicode.encoding" value="UnicodeLittle"/>
    <property name="java.class.version" value="52.0"/>
  </properties>
  <testcase name="shouldAnswerWithTrue" classname="com.zlg.gmall.AppTest" time="0.002"/>
</testsuite>